<?xml version="1.0" encoding="utf-8"?><testsuites name="pytest tests"><testsuite name="pytest" errors="0" failures="0" skipped="0" tests="8" time="10.255" timestamp="2026-05-04T11:53:52.520956+00:00" hostname="agent-env-565e2d25-18a7-4f8b-9e97-fd41643ef3f6"><testcase classname="tests.test_vico_pivot.TestAreaDefault" name="test_default_area_is_vico" time="0.190" /><testcase classname="tests.test_vico_pivot.TestAreaDefault" name="test_brera_reachable_via_query" time="0.050" /><testcase classname="tests.test_vico_pivot.TestTenantEndpoint" name="test_active_and_available" time="0.052" /><testcase classname="tests.test_vico_pivot.TestShareCard" name="test_share_html_has_vico_og" time="0.435" /><testcase classname="tests.test_vico_pivot.TestShareCard" name="test_og_image_png" time="0.136" /><testcase classname="tests.test_vico_pivot.TestItinerary" name="test_create_and_fetch" time="0.420" /><testcase classname="tests.test_vico_pivot.TestAdminClone" name="test_admin_clone_happy_path" time="0.052" /><testcase classname="tests.test_vico_pivot.TestPoiChat" name="test_chat_about_vico_poi" time="8.845" /></testsuite></testsuites>