<?xml version="1.0" encoding="utf-8"?><testsuites name="pytest tests"><testsuite name="pytest" errors="0" failures="0" skipped="2" tests="159" time="55.224" timestamp="2026-05-04T12:16:33.345520+00:00" hostname="agent-env-565e2d25-18a7-4f8b-9e97-fd41643ef3f6"><testcase classname="tests.test_admin_area_settings" name="test_get_area_settings_requires_admin" time="0.555" /><testcase classname="tests.test_admin_area_settings" name="test_patch_area_settings_requires_admin" time="0.151" /><testcase classname="tests.test_admin_area_settings" name="test_get_area_settings_shape" time="0.153" /><testcase classname="tests.test_admin_area_settings" name="test_patch_tagline_shallow_merge_and_public_visibility" time="0.196" /><testcase classname="tests.test_admin_area_settings" name="test_patch_palette_preserves_other_keys" time="0.146" /><testcase classname="tests.test_admin_area_settings" name="test_patch_landmarks_replaces_list" time="0.192" /><testcase classname="tests.test_admin_area_settings" name="test_delete_resets_to_json_defaults" time="0.241" /><testcase classname="tests.test_admin_area_settings" name="test_export_returns_valid_json_attachment" time="0.156" /><testcase classname="tests.test_admin_area_settings" name="test_import_replaces_overrides_and_public_reflects" time="0.273" /><testcase classname="tests.test_admin_area_settings" name="test_landmark_chat_uses_overridden_name" time="3.841" /><testcase classname="tests.test_area_clone.TestSlugify" name="test_basic" time="0.000" /><testcase classname="tests.test_area_clone.TestSlugify" name="test_unicode_strip" time="0.000" /><testcase classname="tests.test_area_clone.TestSlugify" name="test_mixed_whitespace_punctuation" time="0.000" /><testcase classname="tests.test_area_clone.TestSlugify" name="test_empty_fallback" time="0.000" /><testcase classname="tests.test_area_clone.TestExtractJson" name="test_plain" time="0.000" /><testcase classname="tests.test_area_clone.TestExtractJson" name="test_with_markdown_fence" time="0.000" /><testcase classname="tests.test_area_clone.TestExtractJson" name="test_with_plain_fence" time="0.000" /><testcase classname="tests.test_area_clone.TestExtractJson" name="test_invalid_raises" time="0.000" /><testcase classname="tests.test_area_clone.TestUserPrompt" name="test_city_only" time="0.000" /><testcase classname="tests.test_area_clone.TestUserPrompt" name="test_city_and_country" time="0.000" /><testcase classname="tests.test_area_clone.TestUserPrompt" name="test_all_three" time="0.000" /><testcase classname="tests.test_area_config" name="test_default_config_loads" time="0.001" /><testcase classname="tests.test_area_config" name="test_public_area_payload_shape" time="0.001" /><testcase classname="tests.test_area_config" name="test_pois_seed_is_list_of_dicts" time="0.001" /><testcase classname="tests.test_area_config" name="test_landmarks_dict_by_id" time="0.001" /><testcase classname="tests.test_area_config" name="test_override_path_via_env" time="0.002" /><testcase classname="tests.test_brera_backend.TestPublicPOIs" name="test_root" time="0.124" /><testcase classname="tests.test_brera_backend.TestPublicPOIs" name="test_list_pois_seeded" time="0.104" /><testcase classname="tests.test_brera_backend.TestPublicPOIs" name="test_get_single_poi" time="0.217" /><testcase classname="tests.test_brera_backend.TestPublicPOIs" name="test_get_poi_not_found" time="0.116" /><testcase classname="tests.test_brera_backend.TestAuth" name="test_admin_login_sets_cookies" time="0.337" /><testcase classname="tests.test_brera_backend.TestAuth" name="test_me_with_cookies" time="0.416" /><testcase classname="tests.test_brera_backend.TestAuth" name="test_me_unauthenticated" time="0.110" /><testcase classname="tests.test_brera_backend.TestAuth" name="test_refresh_with_valid_refresh_cookie" time="1.651" /><testcase classname="tests.test_brera_backend.TestAuth" name="test_register_user_sets_cookies" time="0.329" /><testcase classname="tests.test_brera_backend.TestAuth" name="test_register_duplicate_email" time="0.441" /><testcase classname="tests.test_brera_backend.TestAuth" name="test_logout_clears_cookies" time="0.436" /><testcase classname="tests.test_brera_backend.TestBruteForce" name="test_5_wrong_then_429" time="2.129" /><testcase classname="tests.test_brera_backend.TestAdminPOIs" name="test_create_requires_admin" time="0.048" /><testcase classname="tests.test_brera_backend.TestAdminPOIs" name="test_create_unauth_returns_401" time="0.101" /><testcase classname="tests.test_brera_backend.TestAdminPOIs" name="test_update_poi" time="0.289" /><testcase classname="tests.test_brera_backend.TestAdminPOIs" name="test_delete_poi" time="0.240" /><testcase classname="tests.test_brera_backend.TestAdminPOIs" name="test_reset_and_reseed" time="0.354" /><testcase classname="tests.test_brera_backend.TestAdminPOIs" name="test_seed_idempotent_when_not_empty" time="0.057" /><testcase classname="tests.test_brera_backend.TestFavorites" name="test_add_get_delete_favorite" time="0.354" /><testcase classname="tests.test_brera_backend.TestFavorites" name="test_add_favorite_unknown_poi" time="0.050" /><testcase classname="tests.test_brera_backend.TestVisits" name="test_record_visit_and_duplicate" time="0.198" /><testcase classname="tests.test_brera_backend.TestVisits" name="test_list_visits_includes_poi" time="0.207" /><testcase classname="tests.test_brera_backend.TestVisits" name="test_visit_unknown_poi" time="0.047" /><testcase classname="tests.test_brera_backend.TestConfig" name="test_config_shape" time="0.097" /><testcase classname="tests.test_brera_backend.TestPOINewFields" name="test_pois_have_opening_line_and_interests" time="0.106" /><testcase classname="tests.test_brera_backend.TestProfile" name="test_admin_me_has_new_fields" time="0.055" /><testcase classname="tests.test_brera_backend.TestProfile" name="test_patch_profile_updates_all_fields" time="0.094" /><testcase classname="tests.test_brera_backend.TestProfile" name="test_patch_profile_rejects_unknown_interest" time="0.063" /><testcase classname="tests.test_brera_backend.TestProfile" name="test_patch_profile_rejects_unsupported_language" time="0.051" /><testcase classname="tests.test_brera_backend.TestProfile" name="test_patch_profile_unauthenticated" time="0.124" /><testcase classname="tests.test_brera_backend.TestDiscoveries" name="test_create_sensed_discovery" time="0.547" /><testcase classname="tests.test_brera_backend.TestDiscoveries" name="test_upgrade_zone_returns_upgraded_true" time="0.664" /><testcase classname="tests.test_brera_backend.TestDiscoveries" name="test_no_downgrade" time="0.607" /><testcase classname="tests.test_brera_backend.TestDiscoveries" name="test_same_zone_no_duplicate" time="0.593" /><testcase classname="tests.test_brera_backend.TestDiscoveries" name="test_discoveries_list_embeds_poi" time="0.535" /><testcase classname="tests.test_brera_backend.TestDiscoveries" name="test_unknown_poi_404" time="0.379" /><testcase classname="tests.test_brera_backend.TestDiscoveries" name="test_invalid_zone_422" time="0.628" /><testcase classname="tests.test_brera_backend.TestAdminPOIIter2" name="test_create_with_opening_line_and_tags" time="0.258" /><testcase classname="tests.test_brera_backend.TestAdminPOIIter2" name="test_iter4_config_has_all_option_lists" time="0.101" /><testcase classname="tests.test_brera_backend.TestAdminPOIIter2" name="test_iter4_pois_only_use_new_taxonomy" time="0.107" /><testcase classname="tests.test_brera_backend.TestAdminPOIIter2" name="test_iter4_profile_accepts_all_new_fields" time="0.100" /><testcase classname="tests.test_brera_backend.TestAdminPOIIter2" name="test_iter4_profile_rejects_unknown_values[status-alien]" time="0.051" /><testcase classname="tests.test_brera_backend.TestAdminPOIIter2" name="test_iter4_profile_rejects_unknown_values[gender-robot]" time="0.045" /><testcase classname="tests.test_brera_backend.TestAdminPOIIter2" name="test_iter4_profile_rejects_unknown_values[profession-wizard]" time="0.048" /><testcase classname="tests.test_brera_backend.TestAdminPOIIter2" name="test_iter4_profile_rejects_unknown_values[companions-bad_value3]" time="0.050" /><testcase classname="tests.test_brera_backend.TestAdminPOIIter2" name="test_iter4_profile_rejects_unknown_values[accessibility-bad_value4]" time="0.053" /><testcase classname="tests.test_brera_backend.TestAdminPOIIter2" name="test_iter4_profile_rejects_unknown_values[response_formats-bad_value5]" time="0.048" /><testcase classname="tests.test_brera_backend.TestAdminPOIIter2" name="test_iter4_profile_rejects_unknown_values[contribution_interests-bad_value6]" time="0.050" /><testcase classname="tests.test_brera_backend.TestAdminPOIIter2" name="test_iter4_profile_rejects_legacy_interest_tag" time="0.048" /><testcase classname="tests.test_brera_backend.TestAdminPOIIter2" name="test_update_changes_opening_line" time="0.294" /><testcase classname="tests.test_brera_backend.TestContributions" name="test_register_as_contributor_role" time="0.382" /><testcase classname="tests.test_brera_backend.TestContributions" name="test_plain_user_cannot_post_contribution" time="0.498" /><testcase classname="tests.test_brera_backend.TestContributions" name="test_contributor_creates_pending" time="1.312" /><testcase classname="tests.test_brera_backend.TestContributions" name="test_admin_creates_auto_approved" time="0.189" /><testcase classname="tests.test_brera_backend.TestContributions" name="test_contributions_mine_returns_with_poi" time="1.549" /><testcase classname="tests.test_brera_backend.TestContributions" name="test_admin_list_filtered" time="0.067" /><testcase classname="tests.test_brera_backend.TestContributions" name="test_admin_list_unknown_status_400" time="0.067" /><testcase classname="tests.test_brera_backend.TestContributions" name="test_plain_user_cannot_list_all" time="0.049" /><testcase classname="tests.test_brera_backend.TestContributions" name="test_unauth_cannot_list_all" time="0.097" /><testcase classname="tests.test_brera_backend.TestContributions" name="test_moderation_approve_flow" time="1.515" /><testcase classname="tests.test_brera_backend.TestContributions" name="test_moderation_reject_flow" time="1.126" /><testcase classname="tests.test_brera_backend.TestContributions" name="test_plain_user_cannot_moderate" time="5.380" /><testcase classname="tests.test_brera_backend.TestContributions" name="test_public_poi_contributions_only_approved" time="1.875" /><testcase classname="tests.test_brera_backend.TestContributions" name="test_owner_can_delete_pending" time="1.737" /><testcase classname="tests.test_brera_backend.TestContributions" name="test_owner_cannot_delete_approved" time="0.926" /><testcase classname="tests.test_brera_backend.TestContributions" name="test_create_unknown_poi_404" time="0.045" /><testcase classname="tests.test_brera_backend.TestContributions" name="test_invalid_type_422" time="0.153" /><testcase classname="tests.test_brera_backend.TestContributions" name="test_public_poi_contributions_unknown_404" time="0.130" /><testcase classname="tests.test_iter10_phases.TestGiftStats" name="test_anon_blocked" time="0.101" /><testcase classname="tests.test_iter10_phases.TestGiftStats" name="test_admin_shape" time="0.384" /><testcase classname="tests.test_iter10_phases.TestUploads" name="test_anon_blocked" time="0.117" /><testcase classname="tests.test_iter10_phases.TestUploads" name="test_reject_non_image" time="0.050" /><testcase classname="tests.test_iter10_phases.TestUploads" name="test_reject_too_large" time="0.530" /><testcase classname="tests.test_iter10_phases.TestUploads" name="test_upload_and_fetch" time="0.484" /><testcase classname="tests.test_iter10_phases.TestTenants" name="test_tenant_endpoint" time="0.103" /><testcase classname="tests.test_iter10_phases.TestTenants" name="test_tenant_specific_area" time="0.098" /><testcase classname="tests.test_iter10_phases.TestTenants" name="test_unknown_tenant_404" time="0.102" /><testcase classname="tests.test_iter10_phases.TestTenants" name="test_area_with_tenant_query" time="0.108" /><testcase classname="tests.test_iter10_phases.TestTenants" name="test_area_with_tenant_header" time="0.105" /><testcase classname="tests.test_iter10_phases.TestTenants" name="test_unknown_tenant_falls_back" time="0.110" /><testcase classname="tests.test_iter10_phases.TestTenants" name="test_default_tenant_when_no_param" time="0.129" /><testcase classname="tests.test_iter10_phases.TestTenantKeyedAdminSettings" name="test_patch_brera_does_not_affect_vico" time="0.613" /><testcase classname="tests.test_iter10_phases.TestTenantKeyedAdminSettings" name="test_delete_only_wipes_tenant" time="0.310" /><testcase classname="tests.test_iter10_phases.TestRegression" name="test_auth_me_after_login" time="0.048" /><testcase classname="tests.test_iter10_phases.TestRegression" name="test_pois_no_tenant" time="0.121" /><testcase classname="tests.test_iter10_phases.TestRegression" name="test_area_no_tenant_returns_default" time="0.137" /><testcase classname="tests.test_iter6_canonical_and_landmark_chat.TestLandmarkChatCanonicalFacts" name="test_accademia_it_mentions_canonical_year_and_founder" time="0.000"><skipped type="pytest.skip" message="Live area is vico-equense; this test is Brera-specific.">/app/backend/tests/test_iter6_canonical_and_landmark_chat.py:53: Live area is vico-equense; this test is Brera-specific.</skipped></testcase><testcase classname="tests.test_iter6_canonical_and_landmark_chat.TestLandmarkChatCanonicalFacts" name="test_pinacoteca_en_refuses_to_invent_frida_kahlo" time="0.000"><skipped type="pytest.skip" message="Live area is vico-equense; this test is Brera-specific.">/app/backend/tests/test_iter6_canonical_and_landmark_chat.py:74: Live area is vico-equense; this test is Brera-specific.</skipped></testcase><testcase classname="tests.test_iter6_canonical_and_landmark_chat.TestCanonicalFactsCRUD" name="test_create_poi_persists_canonical_facts" time="0.532" /><testcase classname="tests.test_iter6_canonical_and_landmark_chat.TestCanonicalFactsCRUD" name="test_update_poi_changes_canonical_facts" time="0.250" /><testcase classname="tests.test_iter6_canonical_and_landmark_chat.TestCanonicalFactsCRUD" name="test_canonical_facts_defaults_to_empty_list_when_omitted" time="0.198" /><testcase classname="tests.test_itineraries.TestItineraryCreate" name="test_unauth_create_rejected" time="0.212" /><testcase classname="tests.test_itineraries.TestItineraryCreate" name="test_create_happy_path_returns_slug" time="0.375" /><testcase classname="tests.test_itineraries.TestItineraryCreate" name="test_too_few_pois_rejected" time="0.043" /><testcase classname="tests.test_itineraries.TestItineraryCreate" name="test_too_many_pois_rejected" time="0.042" /><testcase classname="tests.test_itineraries.TestItineraryCreate" name="test_unknown_poi_id_rejected" time="0.048" /><testcase classname="tests.test_itineraries.TestItineraryCreate" name="test_dedupe_collapses_duplicates_to_one" time="0.052" /><testcase classname="tests.test_itineraries.TestItineraryRead" name="test_public_read_increments_view_count" time="0.217" /><testcase classname="tests.test_itineraries.TestItineraryRead" name="test_unknown_slug_404" time="0.134" /><testcase classname="tests.test_itineraries.TestItineraryListAndDelete" name="test_list_mine_only_returns_mine" time="0.420" /><testcase classname="tests.test_itineraries.TestItineraryListAndDelete" name="test_delete_other_users_gift_forbidden" time="0.141" /><testcase classname="tests.test_narrator" name="test_public_area_includes_narrator" time="0.001" /><testcase classname="tests.test_narrator" name="test_merged_area_preserves_narrator_without_override" time="0.001" /><testcase classname="tests.test_narrator" name="test_merged_area_shallow_merges_narrator_override" time="0.001" /><testcase classname="tests.test_narrator" name="test_live_api_area_exposes_narrator" time="0.101" /><testcase classname="tests.test_poi_chat_prompt" name="test_canonical_facts_appear_in_prompt_en" time="0.000" /><testcase classname="tests.test_poi_chat_prompt" name="test_canonical_facts_appear_in_prompt_it" time="0.000" /><testcase classname="tests.test_poi_chat_prompt" name="test_crowd_capped_to_max_entries" time="0.000" /><testcase classname="tests.test_poi_chat_prompt" name="test_crowd_per_entry_clamped" time="0.000" /><testcase classname="tests.test_poi_chat_prompt" name="test_plurality_rule_present_en" time="0.000" /><testcase classname="tests.test_poi_chat_prompt" name="test_plurality_rule_present_it" time="0.000" /><testcase classname="tests.test_poi_chat_prompt" name="test_canonical_section_omitted_when_empty" time="0.000" /><testcase classname="tests.test_poi_chat_prompt" name="test_crowd_section_omitted_when_empty" time="0.000" /><testcase classname="tests.test_share_card.TestShareHTML" name="test_share_returns_og_html" time="0.591" /><testcase classname="tests.test_share_card.TestShareHTML" name="test_share_unknown_slug_404" time="0.107" /><testcase classname="tests.test_share_card.TestOGImage" name="test_og_image_returns_png" time="0.196" /><testcase classname="tests.test_share_card.TestOGImage" name="test_og_image_unknown_slug_404" time="0.114" /><testcase classname="tests.test_tenants.TestAvailableTenants" name="test_lists_brera_and_vico" time="0.112" /><testcase classname="tests.test_tenants.TestResolveTenant" name="test_header_wins" time="0.000" /><testcase classname="tests.test_tenants.TestResolveTenant" name="test_query_param" time="0.000" /><testcase classname="tests.test_tenants.TestResolveTenant" name="test_subdomain" time="0.000" /><testcase classname="tests.test_tenants.TestResolveTenant" name="test_unknown_falls_back_to_default" time="0.001" /><testcase classname="tests.test_tenants.TestResolveTenant" name="test_www_is_not_a_tenant" time="0.000" /><testcase classname="tests.test_tenants.TestResolveTenant" name="test_localhost_is_not_a_tenant" time="0.000" /><testcase classname="tests.test_tenants.TestDefaultTenant" name="test_explicit_env_wins" time="0.000" /><testcase classname="tests.test_vico_pivot.TestAreaDefault" name="test_default_area_is_vico" time="0.158" /><testcase classname="tests.test_vico_pivot.TestAreaDefault" name="test_brera_reachable_via_query" time="0.046" /><testcase classname="tests.test_vico_pivot.TestTenantEndpoint" name="test_active_and_available" time="0.047" /><testcase classname="tests.test_vico_pivot.TestShareCard" name="test_share_html_has_vico_og" time="0.434" /><testcase classname="tests.test_vico_pivot.TestShareCard" name="test_og_image_png" time="0.129" /><testcase classname="tests.test_vico_pivot.TestItinerary" name="test_create_and_fetch" time="0.416" /><testcase classname="tests.test_vico_pivot.TestAdminClone" name="test_admin_clone_happy_path" time="0.047" /><testcase classname="tests.test_vico_pivot.TestPoiChat" name="test_chat_about_vico_poi" time="7.197" /></testsuite></testsuites>