<?xml version="1.0" encoding="utf-8"?><testsuites name="pytest tests"><testsuite name="pytest" errors="0" failures="0" skipped="2" tests="110" time="40.708" timestamp="2026-05-03T14:53:25.689678+00:00" hostname="agent-env-565e2d25-18a7-4f8b-9e97-fd41643ef3f6"><testcase classname="tests.test_admin_area_settings" name="test_get_area_settings_requires_admin" time="0.582" /><testcase classname="tests.test_admin_area_settings" name="test_patch_area_settings_requires_admin" time="0.196" /><testcase classname="tests.test_admin_area_settings" name="test_get_area_settings_shape" time="0.161" /><testcase classname="tests.test_admin_area_settings" name="test_patch_tagline_shallow_merge_and_public_visibility" time="0.230" /><testcase classname="tests.test_admin_area_settings" name="test_patch_palette_preserves_other_keys" time="0.149" /><testcase classname="tests.test_admin_area_settings" name="test_patch_landmarks_replaces_list" time="0.228" /><testcase classname="tests.test_admin_area_settings" name="test_delete_resets_to_json_defaults" time="0.267" /><testcase classname="tests.test_admin_area_settings" name="test_export_returns_valid_json_attachment" time="0.162" /><testcase classname="tests.test_admin_area_settings" name="test_import_replaces_overrides_and_public_reflects" time="0.295" /><testcase classname="tests.test_admin_area_settings" name="test_landmark_chat_uses_overridden_name" time="4.213" /><testcase classname="tests.test_area_config" name="test_default_config_loads" time="0.001" /><testcase classname="tests.test_area_config" name="test_public_area_payload_shape" time="0.001" /><testcase classname="tests.test_area_config" name="test_pois_seed_is_list_of_dicts" time="0.001" /><testcase classname="tests.test_area_config" name="test_landmarks_dict_by_id" time="0.001" /><testcase classname="tests.test_area_config" name="test_override_path_via_env" time="0.002" /><testcase classname="tests.test_brera_backend.TestPublicPOIs" name="test_root" time="0.137" /><testcase classname="tests.test_brera_backend.TestPublicPOIs" name="test_list_pois_seeded" time="0.138" /><testcase classname="tests.test_brera_backend.TestPublicPOIs" name="test_get_single_poi" time="0.245" /><testcase classname="tests.test_brera_backend.TestPublicPOIs" name="test_get_poi_not_found" time="0.100" /><testcase classname="tests.test_brera_backend.TestAuth" name="test_admin_login_sets_cookies" time="0.340" /><testcase classname="tests.test_brera_backend.TestAuth" name="test_me_with_cookies" time="0.420" /><testcase classname="tests.test_brera_backend.TestAuth" name="test_me_unauthenticated" time="0.112" /><testcase classname="tests.test_brera_backend.TestAuth" name="test_refresh_with_valid_refresh_cookie" time="1.620" /><testcase classname="tests.test_brera_backend.TestAuth" name="test_register_user_sets_cookies" time="0.347" /><testcase classname="tests.test_brera_backend.TestAuth" name="test_register_duplicate_email" time="0.473" /><testcase classname="tests.test_brera_backend.TestAuth" name="test_logout_clears_cookies" time="0.408" /><testcase classname="tests.test_brera_backend.TestBruteForce" name="test_5_wrong_then_429" time="2.183" /><testcase classname="tests.test_brera_backend.TestAdminPOIs" name="test_create_requires_admin" time="0.071" /><testcase classname="tests.test_brera_backend.TestAdminPOIs" name="test_create_unauth_returns_401" time="0.111" /><testcase classname="tests.test_brera_backend.TestAdminPOIs" name="test_update_poi" time="0.333" /><testcase classname="tests.test_brera_backend.TestAdminPOIs" name="test_delete_poi" time="0.253" /><testcase classname="tests.test_brera_backend.TestAdminPOIs" name="test_reset_and_reseed" time="0.381" /><testcase classname="tests.test_brera_backend.TestAdminPOIs" name="test_seed_idempotent_when_not_empty" time="0.075" /><testcase classname="tests.test_brera_backend.TestFavorites" name="test_add_get_delete_favorite" time="0.477" /><testcase classname="tests.test_brera_backend.TestFavorites" name="test_add_favorite_unknown_poi" time="0.064" /><testcase classname="tests.test_brera_backend.TestVisits" name="test_record_visit_and_duplicate" time="0.274" /><testcase classname="tests.test_brera_backend.TestVisits" name="test_list_visits_includes_poi" time="0.246" /><testcase classname="tests.test_brera_backend.TestVisits" name="test_visit_unknown_poi" time="0.074" /><testcase classname="tests.test_brera_backend.TestConfig" name="test_config_shape" time="0.179" /><testcase classname="tests.test_brera_backend.TestPOINewFields" name="test_pois_have_opening_line_and_interests" time="0.134" /><testcase classname="tests.test_brera_backend.TestProfile" name="test_admin_me_has_new_fields" time="0.082" /><testcase classname="tests.test_brera_backend.TestProfile" name="test_patch_profile_updates_all_fields" time="0.131" /><testcase classname="tests.test_brera_backend.TestProfile" name="test_patch_profile_rejects_unknown_interest" time="0.073" /><testcase classname="tests.test_brera_backend.TestProfile" name="test_patch_profile_rejects_unsupported_language" time="0.059" /><testcase classname="tests.test_brera_backend.TestProfile" name="test_patch_profile_unauthenticated" time="0.097" /><testcase classname="tests.test_brera_backend.TestDiscoveries" name="test_create_sensed_discovery" time="0.512" /><testcase classname="tests.test_brera_backend.TestDiscoveries" name="test_upgrade_zone_returns_upgraded_true" time="0.650" /><testcase classname="tests.test_brera_backend.TestDiscoveries" name="test_no_downgrade" time="0.573" /><testcase classname="tests.test_brera_backend.TestDiscoveries" name="test_same_zone_no_duplicate" time="0.621" /><testcase classname="tests.test_brera_backend.TestDiscoveries" name="test_discoveries_list_embeds_poi" time="0.561" /><testcase classname="tests.test_brera_backend.TestDiscoveries" name="test_unknown_poi_404" time="0.379" /><testcase classname="tests.test_brera_backend.TestDiscoveries" name="test_invalid_zone_422" time="0.500" /><testcase classname="tests.test_brera_backend.TestAdminPOIIter2" name="test_create_with_opening_line_and_tags" time="0.267" /><testcase classname="tests.test_brera_backend.TestAdminPOIIter2" name="test_iter4_config_has_all_option_lists" time="0.102" /><testcase classname="tests.test_brera_backend.TestAdminPOIIter2" name="test_iter4_pois_only_use_new_taxonomy" time="0.153" /><testcase classname="tests.test_brera_backend.TestAdminPOIIter2" name="test_iter4_profile_accepts_all_new_fields" time="0.144" /><testcase classname="tests.test_brera_backend.TestAdminPOIIter2" name="test_iter4_profile_rejects_unknown_values[status-alien]" time="0.070" /><testcase classname="tests.test_brera_backend.TestAdminPOIIter2" name="test_iter4_profile_rejects_unknown_values[gender-robot]" time="0.060" /><testcase classname="tests.test_brera_backend.TestAdminPOIIter2" name="test_iter4_profile_rejects_unknown_values[profession-wizard]" time="0.069" /><testcase classname="tests.test_brera_backend.TestAdminPOIIter2" name="test_iter4_profile_rejects_unknown_values[companions-bad_value3]" time="0.062" /><testcase classname="tests.test_brera_backend.TestAdminPOIIter2" name="test_iter4_profile_rejects_unknown_values[accessibility-bad_value4]" time="0.076" /><testcase classname="tests.test_brera_backend.TestAdminPOIIter2" name="test_iter4_profile_rejects_unknown_values[response_formats-bad_value5]" time="0.062" /><testcase classname="tests.test_brera_backend.TestAdminPOIIter2" name="test_iter4_profile_rejects_unknown_values[contribution_interests-bad_value6]" time="0.069" /><testcase classname="tests.test_brera_backend.TestAdminPOIIter2" name="test_iter4_profile_rejects_legacy_interest_tag" time="0.062" /><testcase classname="tests.test_brera_backend.TestAdminPOIIter2" name="test_update_changes_opening_line" time="0.341" /><testcase classname="tests.test_brera_backend.TestContributions" name="test_register_as_contributor_role" time="0.376" /><testcase classname="tests.test_brera_backend.TestContributions" name="test_plain_user_cannot_post_contribution" time="0.516" /><testcase classname="tests.test_brera_backend.TestContributions" name="test_contributor_creates_pending" time="0.945" /><testcase classname="tests.test_brera_backend.TestContributions" name="test_admin_creates_auto_approved" time="0.185" /><testcase classname="tests.test_brera_backend.TestContributions" name="test_contributions_mine_returns_with_poi" time="1.410" /><testcase classname="tests.test_brera_backend.TestContributions" name="test_admin_list_filtered" time="0.080" /><testcase classname="tests.test_brera_backend.TestContributions" name="test_admin_list_unknown_status_400" time="0.067" /><testcase classname="tests.test_brera_backend.TestContributions" name="test_plain_user_cannot_list_all" time="0.046" /><testcase classname="tests.test_brera_backend.TestContributions" name="test_unauth_cannot_list_all" time="0.099" /><testcase classname="tests.test_brera_backend.TestContributions" name="test_moderation_approve_flow" time="2.277" /><testcase classname="tests.test_brera_backend.TestContributions" name="test_moderation_reject_flow" time="1.383" /><testcase classname="tests.test_brera_backend.TestContributions" name="test_plain_user_cannot_moderate" time="1.632" /><testcase classname="tests.test_brera_backend.TestContributions" name="test_public_poi_contributions_only_approved" time="1.303" /><testcase classname="tests.test_brera_backend.TestContributions" name="test_owner_can_delete_pending" time="1.509" /><testcase classname="tests.test_brera_backend.TestContributions" name="test_owner_cannot_delete_approved" time="1.362" /><testcase classname="tests.test_brera_backend.TestContributions" name="test_create_unknown_poi_404" time="0.052" /><testcase classname="tests.test_brera_backend.TestContributions" name="test_invalid_type_422" time="0.175" /><testcase classname="tests.test_brera_backend.TestContributions" name="test_public_poi_contributions_unknown_404" time="0.103" /><testcase classname="tests.test_iter6_canonical_and_landmark_chat.TestLandmarkChatCanonicalFacts" name="test_accademia_it_mentions_canonical_year_and_founder" time="0.000"><skipped type="pytest.skip" message="Live area is vico-equense; this test is Brera-specific.">/app/backend/tests/test_iter6_canonical_and_landmark_chat.py:53: Live area is vico-equense; this test is Brera-specific.</skipped></testcase><testcase classname="tests.test_iter6_canonical_and_landmark_chat.TestLandmarkChatCanonicalFacts" name="test_pinacoteca_en_refuses_to_invent_frida_kahlo" time="0.000"><skipped type="pytest.skip" message="Live area is vico-equense; this test is Brera-specific.">/app/backend/tests/test_iter6_canonical_and_landmark_chat.py:74: Live area is vico-equense; this test is Brera-specific.</skipped></testcase><testcase classname="tests.test_iter6_canonical_and_landmark_chat.TestCanonicalFactsCRUD" name="test_create_poi_persists_canonical_facts" time="0.569" /><testcase classname="tests.test_iter6_canonical_and_landmark_chat.TestCanonicalFactsCRUD" name="test_update_poi_changes_canonical_facts" time="0.284" /><testcase classname="tests.test_iter6_canonical_and_landmark_chat.TestCanonicalFactsCRUD" name="test_canonical_facts_defaults_to_empty_list_when_omitted" time="0.255" /><testcase classname="tests.test_itineraries.TestItineraryCreate" name="test_unauth_create_rejected" time="0.213" /><testcase classname="tests.test_itineraries.TestItineraryCreate" name="test_create_happy_path_returns_slug" time="0.377" /><testcase classname="tests.test_itineraries.TestItineraryCreate" name="test_too_few_pois_rejected" time="0.044" /><testcase classname="tests.test_itineraries.TestItineraryCreate" name="test_too_many_pois_rejected" time="0.045" /><testcase classname="tests.test_itineraries.TestItineraryCreate" name="test_unknown_poi_id_rejected" time="0.047" /><testcase classname="tests.test_itineraries.TestItineraryCreate" name="test_dedupe_collapses_duplicates_to_one" time="0.061" /><testcase classname="tests.test_itineraries.TestItineraryRead" name="test_public_read_increments_view_count" time="0.225" /><testcase classname="tests.test_itineraries.TestItineraryRead" name="test_unknown_slug_404" time="0.100" /><testcase classname="tests.test_itineraries.TestItineraryListAndDelete" name="test_list_mine_only_returns_mine" time="0.459" /><testcase classname="tests.test_itineraries.TestItineraryListAndDelete" name="test_delete_other_users_gift_forbidden" time="0.170" /><testcase classname="tests.test_poi_chat_prompt" name="test_canonical_facts_appear_in_prompt_en" time="0.001" /><testcase classname="tests.test_poi_chat_prompt" name="test_canonical_facts_appear_in_prompt_it" time="0.000" /><testcase classname="tests.test_poi_chat_prompt" name="test_crowd_capped_to_max_entries" time="0.000" /><testcase classname="tests.test_poi_chat_prompt" name="test_crowd_per_entry_clamped" time="0.000" /><testcase classname="tests.test_poi_chat_prompt" name="test_plurality_rule_present_en" time="0.000" /><testcase classname="tests.test_poi_chat_prompt" name="test_plurality_rule_present_it" time="0.000" /><testcase classname="tests.test_poi_chat_prompt" name="test_canonical_section_omitted_when_empty" time="0.000" /><testcase classname="tests.test_poi_chat_prompt" name="test_crowd_section_omitted_when_empty" time="0.000" /><testcase classname="tests.test_share_card.TestShareHTML" name="test_share_returns_og_html" time="0.642" /><testcase classname="tests.test_share_card.TestShareHTML" name="test_share_unknown_slug_404" time="0.116" /><testcase classname="tests.test_share_card.TestOGImage" name="test_og_image_returns_png" time="0.195" /><testcase classname="tests.test_share_card.TestOGImage" name="test_og_image_unknown_slug_404" time="0.100" /></testsuite></testsuites>