<?xml version="1.0" encoding="utf-8"?><testsuites name="pytest tests"><testsuite name="pytest" errors="0" failures="0" skipped="0" tests="5" time="13.677" timestamp="2026-05-03T09:16:35.604383+00:00" hostname="agent-env-ed8986b0-33ea-413b-8133-8cd658b1fa80"><testcase classname="tests.test_iter6_canonical_and_landmark_chat.TestLandmarkChatCanonicalFacts" name="test_accademia_it_mentions_canonical_year_and_founder" time="7.677" /><testcase classname="tests.test_iter6_canonical_and_landmark_chat.TestLandmarkChatCanonicalFacts" name="test_pinacoteca_en_refuses_to_invent_frida_kahlo" time="4.822" /><testcase classname="tests.test_iter6_canonical_and_landmark_chat.TestCanonicalFactsCRUD" name="test_create_poi_persists_canonical_facts" time="0.587" /><testcase classname="tests.test_iter6_canonical_and_landmark_chat.TestCanonicalFactsCRUD" name="test_update_poi_changes_canonical_facts" time="0.261" /><testcase classname="tests.test_iter6_canonical_and_landmark_chat.TestCanonicalFactsCRUD" name="test_canonical_facts_defaults_to_empty_list_when_omitted" time="0.210" /></testsuite></testsuites>