<?xml version="1.0" encoding="utf-8"?><testsuites name="pytest tests"><testsuite name="pytest" errors="0" failures="0" skipped="0" tests="39" time="14.352" timestamp="2026-04-28T16:54:06.744750+00:00" hostname="agent-env-ed8986b0-33ea-413b-8133-8cd658b1fa80"><testcase classname="backend.tests.test_brera_backend.TestPublicPOIs" name="test_root" time="0.263" /><testcase classname="backend.tests.test_brera_backend.TestPublicPOIs" name="test_list_pois_seeded" time="0.119" /><testcase classname="backend.tests.test_brera_backend.TestPublicPOIs" name="test_get_single_poi" time="0.251" /><testcase classname="backend.tests.test_brera_backend.TestPublicPOIs" name="test_get_poi_not_found" time="0.127" /><testcase classname="backend.tests.test_brera_backend.TestAuth" name="test_admin_login_sets_cookies" time="0.341" /><testcase classname="backend.tests.test_brera_backend.TestAuth" name="test_me_with_cookies" time="0.408" /><testcase classname="backend.tests.test_brera_backend.TestAuth" name="test_me_unauthenticated" time="0.156" /><testcase classname="backend.tests.test_brera_backend.TestAuth" name="test_refresh_with_valid_refresh_cookie" time="1.650" /><testcase classname="backend.tests.test_brera_backend.TestAuth" name="test_register_user_sets_cookies" time="0.345" /><testcase classname="backend.tests.test_brera_backend.TestAuth" name="test_register_duplicate_email" time="0.463" /><testcase classname="backend.tests.test_brera_backend.TestAuth" name="test_logout_clears_cookies" time="0.454" /><testcase classname="backend.tests.test_brera_backend.TestBruteForce" name="test_5_wrong_then_429" time="2.253" /><testcase classname="backend.tests.test_brera_backend.TestAdminPOIs" name="test_create_requires_admin" time="0.052" /><testcase classname="backend.tests.test_brera_backend.TestAdminPOIs" name="test_create_unauth_returns_401" time="0.105" /><testcase classname="backend.tests.test_brera_backend.TestAdminPOIs" name="test_update_poi" time="0.310" /><testcase classname="backend.tests.test_brera_backend.TestAdminPOIs" name="test_delete_poi" time="0.249" /><testcase classname="backend.tests.test_brera_backend.TestAdminPOIs" name="test_reset_and_reseed" time="0.374" /><testcase classname="backend.tests.test_brera_backend.TestAdminPOIs" name="test_seed_idempotent_when_not_empty" time="0.056" /><testcase classname="backend.tests.test_brera_backend.TestFavorites" name="test_add_get_delete_favorite" time="0.318" /><testcase classname="backend.tests.test_brera_backend.TestFavorites" name="test_add_favorite_unknown_poi" time="0.054" /><testcase classname="backend.tests.test_brera_backend.TestVisits" name="test_record_visit_and_duplicate" time="0.246" /><testcase classname="backend.tests.test_brera_backend.TestVisits" name="test_list_visits_includes_poi" time="0.240" /><testcase classname="backend.tests.test_brera_backend.TestVisits" name="test_visit_unknown_poi" time="0.052" /><testcase classname="backend.tests.test_brera_backend.TestConfig" name="test_config_shape" time="0.101" /><testcase classname="backend.tests.test_brera_backend.TestPOINewFields" name="test_pois_have_opening_line_and_interests" time="0.137" /><testcase classname="backend.tests.test_brera_backend.TestProfile" name="test_admin_me_has_new_fields" time="0.061" /><testcase classname="backend.tests.test_brera_backend.TestProfile" name="test_patch_profile_updates_all_fields" time="0.104" /><testcase classname="backend.tests.test_brera_backend.TestProfile" name="test_patch_profile_rejects_unknown_interest" time="0.051" /><testcase classname="backend.tests.test_brera_backend.TestProfile" name="test_patch_profile_rejects_unsupported_language" time="0.049" /><testcase classname="backend.tests.test_brera_backend.TestProfile" name="test_patch_profile_unauthenticated" time="0.142" /><testcase classname="backend.tests.test_brera_backend.TestDiscoveries" name="test_create_sensed_discovery" time="0.515" /><testcase classname="backend.tests.test_brera_backend.TestDiscoveries" name="test_upgrade_zone_returns_upgraded_true" time="0.761" /><testcase classname="backend.tests.test_brera_backend.TestDiscoveries" name="test_no_downgrade" time="0.630" /><testcase classname="backend.tests.test_brera_backend.TestDiscoveries" name="test_same_zone_no_duplicate" time="0.600" /><testcase classname="backend.tests.test_brera_backend.TestDiscoveries" name="test_discoveries_list_embeds_poi" time="0.635" /><testcase classname="backend.tests.test_brera_backend.TestDiscoveries" name="test_unknown_poi_404" time="0.433" /><testcase classname="backend.tests.test_brera_backend.TestDiscoveries" name="test_invalid_zone_422" time="0.615" /><testcase classname="backend.tests.test_brera_backend.TestAdminPOIIter2" name="test_create_with_opening_line_and_tags" time="0.257" /><testcase classname="backend.tests.test_brera_backend.TestAdminPOIIter2" name="test_update_changes_opening_line" time="0.291" /></testsuite></testsuites>